TN:
SF:src/ErrorBoundries.js
FN:4,(anonymous_0)
FN:9,(anonymous_1)
FN:15,(anonymous_2)
FN:21,(anonymous_3)
FN:27,(anonymous_4)
FN:28,(anonymous_5)
FNF:6
FNH:5
FNDA:1,(anonymous_0)
FNDA:1,(anonymous_1)
FNDA:0,(anonymous_2)
FNDA:2,(anonymous_3)
FNDA:1,(anonymous_4)
FNDA:1,(anonymous_5)
DA:5,1
DA:6,1
DA:11,1
DA:12,1
DA:17,0
DA:18,0
DA:22,2
DA:24,1
DA:26,1
DA:27,1
DA:28,1
LF:11
LH:9
BRDA:22,0,0,1
BRDA:22,0,1,1
BRF:2
BRH:2
end_of_record
TN:
SF:src/components.js
FN:11,WikiSummary
FN:13,(anonymous_1)
FN:30,get
FN:43,getAll
FN:45,(anonymous_4)
FN:48,(anonymous_5)
FNF:6
FNH:6
FNDA:3,WikiSummary
FNDA:2,(anonymous_1)
FNDA:2,get
FNDA:2,getAll
FNDA:2,(anonymous_4)
FNDA:1,(anonymous_5)
DA:6,1
DA:7,1
DA:9,1
DA:12,3
DA:13,3
DA:14,2
DA:15,2
DA:16,1
DA:17,1
DA:19,1
DA:22,3
DA:32,2
DA:33,2
DA:38,1
DA:40,2
DA:44,2
DA:45,2
DA:46,2
DA:47,2
DA:49,1
DA:51,2
LF:21
LH:21
BRDA:15,0,0,1
BRDA:15,0,1,1
BRF:2
BRH:2
end_of_record
